[debug] [2025-10-05T21:30:00.536Z] ----------------------------------------------------------------------
[debug] [2025-10-05T21:30:00.538Z] Command:       C:\Program Files\nodejs\node.exe C:\Users\Hanyong\AppData\Roaming\npm\node_modules\firebase-tools\lib\bin\firebase.js init
[debug] [2025-10-05T21:30:00.539Z] CLI Version:   14.18.0
[debug] [2025-10-05T21:30:00.539Z] Platform:      win32
[debug] [2025-10-05T21:30:00.539Z] Node Version:  v22.20.0
[debug] [2025-10-05T21:30:00.539Z] Time:          Sun Oct 05 2025 14:30:00 GMT-0700 (Pacific Daylight Time)
[debug] [2025-10-05T21:30:00.539Z] ----------------------------------------------------------------------
[debug] 
[debug] [2025-10-05T21:30:00.545Z] > command requires scopes: ["email","openid","https://www.googleapis.com/auth/cloudplatformprojects.readonly","https://www.googleapis.com/auth/firebase","https://www.googleapis.com/auth/cloud-platform"]
[debug] [2025-10-05T21:30:00.546Z] > authorizing via signed-in user (handragon11@gmail.com)
[info] 
     ######## #### ########  ######## ########     ###     ######  ########
     ##        ##  ##     ## ##       ##     ##  ##   ##  ##       ##
     ######    ##  ########  ######   ########  #########  ######  ######
     ##        ##  ##    ##  ##       ##     ## ##     ##       ## ##
     ##       #### ##     ## ######## ########  ##     ##  ######  ########

You're about to initialize a Firebase project in this directory:

  c:\Users\Hanyong\Documents\GitHub\mongus\server

[debug] [2025-10-05T21:44:25.566Z] ExitPromptError: User force closed the prompt with SIGINT
    at Interface.sigint (C:\Users\Hanyong\AppData\Roaming\npm\node_modules\firebase-tools\node_modules\@inquirer\core\dist\commonjs\lib\create-prompt.js:101:37)
    at Interface.emit (node:events:519:28)
    at Interface.emit (node:domain:489:12)
    at [_ttyWrite] [as _ttyWrite] (node:internal/readline/interface:1128:18)
    at ReadStream.onkeypress (node:internal/readline/interface:271:20)
    at ReadStream.emit (node:events:531:35)
    at ReadStream.emit (node:domain:489:12)
    at emitKeys (node:internal/readline/utils:370:14)
    at emitKeys.next (<anonymous>)
    at ReadStream.onData (node:internal/readline/emitKeypressEvents:64:36)
[error] 
[error] Error: An unexpected error has occurred.
